в¶њвФАвФАв¶њ  SIMBA  в¶њвФАвФАв¶њ  |       INFO | 2026-04-09 15:50:19 | 
   в¶њвФАвФАв¶њвФАвФАв¶њвФАвФАв¶њвФАвФАв¶њвФАвФАв¶њвФАвФАв¶њвФАвФАв¶њвФАвФАв¶њвФАвФАв¶њвФАвФАв¶њвФАвФАв¶њ
       Sea Ice Mass Budget Analysis      
   в¶њвФАвФАв¶њвФАвФАв¶њвФАвФАв¶њвФАвФАв¶њвФАвФАв¶њвФАвФАв¶њвФАвФАв¶њвФАвФАв¶њвФАвФАв¶њвФАвФАв¶њвФАвФАв¶њ

        version: 0.1.0


в¶њвФАвФАв¶њ  SIMBA  в¶њвФАвФАв¶њ  |       INFO | 2026-04-09 15:50:19 | ==== Inputs ====
в¶њвФАвФАв¶њ  SIMBA  в¶њвФАвФАв¶њ  |       INFO | 2026-04-09 15:50:19 | Completed: Read & validated config file -> ./configs/UKESM1-2-LL_esm-piControl_config.toml
в¶њвФАвФАв¶њ  SIMBA  в¶њвФАвФАв¶њ  |       INFO | 2026-04-09 15:50:19 | In Progress: Reading sea ice mass budget variables...
в¶њвФАвФАв¶њ  SIMBA  в¶њвФАвФАв¶њ  |       INFO | 2026-04-09 15:50:19 | --> Completed: Opened 'mask' variable.
в¶њвФАвФАв¶њ  SIMBA  в¶њвФАвФАв¶њ  |       INFO | 2026-04-09 15:50:19 | In Progress: Creating sea ice mass budget dataset from variables.
в¶њвФАвФАв¶њ  SIMBA  в¶њвФАвФАв¶њ  |       INFO | 2026-04-09 15:50:20 | --> Completed: Opened 'areacello' variable.
в¶њвФАвФАв¶њ  SIMBA  в¶њвФАвФАв¶њ  |       INFO | 2026-04-09 15:52:32 | 
   в¶њвФАвФАв¶њвФАвФАв¶њвФАвФАв¶њвФАвФАв¶њвФАвФАв¶њвФАвФАв¶њвФАвФАв¶њвФАвФАв¶њвФАвФАв¶њвФАвФАв¶њвФАвФАв¶њ
       Sea Ice Mass Budget Analysis      
   в¶њвФАвФАв¶њвФАвФАв¶њвФАвФАв¶њвФАвФАв¶њвФАвФАв¶њвФАвФАв¶њвФАвФАв¶њвФАвФАв¶њвФАвФАв¶њвФАвФАв¶њвФАвФАв¶њ

        version: 0.1.0


в¶њвФАвФАв¶њ  SIMBA  в¶њвФАвФАв¶њ  |       INFO | 2026-04-09 15:52:32 | ==== Inputs ====
в¶њвФАвФАв¶њ  SIMBA  в¶њвФАвФАв¶њ  |       INFO | 2026-04-09 15:52:32 | Completed: Read & validated config file -> ./configs/UKESM1-2-LL_esm-piControl_config.toml
в¶њвФАвФАв¶њ  SIMBA  в¶њвФАвФАв¶њ  |       INFO | 2026-04-09 15:52:32 | In Progress: Reading sea ice mass budget variables...
в¶њвФАвФАв¶њ  SIMBA  в¶њвФАвФАв¶њ  |       INFO | 2026-04-09 15:52:32 | --> Completed: Opened 'mask' variable.
в¶њвФАвФАв¶њ  SIMBA  в¶њвФАвФАв¶њ  |       INFO | 2026-04-09 15:52:32 | In Progress: Creating sea ice mass budget dataset from variables.
в¶њвФАвФАв¶њ  SIMBA  в¶њвФАвФАв¶њ  |       INFO | 2026-04-09 15:52:32 | --> Completed: Opened 'areacello' variable.
в¶њвФАвФАв¶њ  SIMBA  в¶њвФАвФАв¶њ  |       INFO | 2026-04-09 15:52:34 | --> Completed: Opened 'simass' variable.
в¶њвФАвФАв¶њ  SIMBA  в¶њвФАвФАв¶њ  |       INFO | 2026-04-09 15:52:35 | --> Completed: Opened 'sidmassth' variable.
в¶њвФАвФАв¶њ  SIMBA  в¶њвФАвФАв¶њ  |       INFO | 2026-04-09 15:52:35 | --> Completed: Opened 'sidmassdyn' variable.
в¶њвФАвФАв¶њ  SIMBA  в¶њвФАвФАв¶њ  |       INFO | 2026-04-09 15:52:36 | --> Completed: Opened 'sidmassgrowthwat' variable.
в¶њвФАвФАв¶њ  SIMBA  в¶њвФАвФАв¶њ  |       INFO | 2026-04-09 15:52:37 | --> Completed: Opened 'sidmassgrowthbot' variable.
в¶њвФАвФАв¶њ  SIMBA  в¶њвФАвФАв¶њ  |       INFO | 2026-04-09 15:52:38 | --> Completed: Opened 'sidmasssi' variable.
в¶њвФАвФАв¶њ  SIMBA  в¶њвФАвФАв¶њ  |       INFO | 2026-04-09 15:52:38 | --> Completed: Opened 'sidmassevapsubl' variable.
в¶њвФАвФАв¶њ  SIMBA  в¶њвФАвФАв¶њ  |       INFO | 2026-04-09 15:52:39 | --> Completed: Opened 'sidmassmelttop' variable.
в¶њвФАвФАв¶њ  SIMBA  в¶њвФАвФАв¶њ  |       INFO | 2026-04-09 15:52:40 | --> Completed: Opened 'sidmassmeltbot' variable.
в¶њвФАвФАв¶њ  SIMBA  в¶њвФАвФАв¶њ  |       INFO | 2026-04-09 15:52:41 | --> Completed: Opened 'sidmasslat' variable.
в¶њвФАвФАв¶њ  SIMBA  в¶њвФАвФАв¶њ  |       INFO | 2026-04-09 15:52:41 | --> Completed: Created sea ice mass budget dataset from variables.
в¶њвФАвФАв¶њ  SIMBA  в¶њвФАвФАв¶њ  |       INFO | 2026-04-09 15:52:41 | ==== Sea Ice Mass Budget Calculation ====
в¶њвФАвФАв¶њ  SIMBA  в¶њвФАвФАв¶њ  |       INFO | 2026-04-09 15:52:41 | In Progress: Calculating Regional Sea Ice Mass Budget...
в¶њвФАвФАв¶њ  SIMBA  в¶њвФАвФАв¶њ  |       INFO | 2026-04-09 15:52:41 | Completed: Calculated Regional Sea Ice Mass Budget.
в¶њвФАвФАв¶њ  SIMBA  в¶њвФАвФАв¶њ  |       INFO | 2026-04-09 15:52:41 | ==== Outputs ====
в¶њвФАвФАв¶њ  SIMBA  в¶њвФАвФАв¶њ  |       INFO | 2026-04-09 15:52:41 | In Progress: Saving Sea Ice Mass Budget Analysis outputs to netCDF file...
в¶њвФАвФАв¶њ  SIMBA  в¶њвФАвФАв¶њ  |       INFO | 2026-04-09 15:56:24 | Completed: Saved Sea Ice Mass Budget Analysis outputs to file -> /home/users/o_tooth/NOC/OptimESM/SeaIceMassBudgetMIP/contributions/UKESM1-2-LL/outputs//UKESM1-2-LL_SIMBA_esm-piControl_r1i1p1f1_2100-01-2500-12.nc
в¶њвФАвФАв¶њ  SIMBA  в¶њвФАвФАв¶њ  |       INFO | 2026-04-09 15:56:24 | Completed: Succesfully closed all netcdf files.
в¶њвФАвФАв¶њ  SIMBA  в¶њвФАвФАв¶њ  |       INFO | 2026-04-09 15:56:25 | вЬФ SIMBA Completed вЬФ
в¶њвФАвФАв¶њ  SIMBA  в¶њвФАвФАв¶њ  |       INFO | 2026-04-10 09:37:31 | 
   в¶њвФАвФАв¶њвФАвФАв¶њвФАвФАв¶њвФАвФАв¶њвФАвФАв¶њвФАвФАв¶њвФАвФАв¶њвФАвФАв¶њвФАвФАв¶њвФАвФАв¶њвФАвФАв¶њ
       Sea Ice Mass Budget Analysis      
   в¶њвФАвФАв¶њвФАвФАв¶њвФАвФАв¶њвФАвФАв¶њвФАвФАв¶њвФАвФАв¶њвФАвФАв¶њвФАвФАв¶њвФАвФАв¶њвФАвФАв¶њвФАвФАв¶њ

        version: 0.1.0


в¶њвФАвФАв¶њ  SIMBA  в¶њвФАвФАв¶њ  |       INFO | 2026-04-10 09:37:31 | ==== Inputs ====
в¶њвФАвФАв¶њ  SIMBA  в¶њвФАвФАв¶њ  |       INFO | 2026-04-10 09:37:31 | Completed: Read & validated config file -> ./configs/UKESM1-2-LL_esm-piControl_config.toml
в¶њвФАвФАв¶њ  SIMBA  в¶њвФАвФАв¶њ  |       INFO | 2026-04-10 09:37:31 | In Progress: Reading sea ice mass budget variables...
в¶њвФАвФАв¶њ  SIMBA  в¶њвФАвФАв¶њ  |       INFO | 2026-04-10 09:37:31 | --> Completed: Opened 'mask' variable.
в¶њвФАвФАв¶њ  SIMBA  в¶њвФАвФАв¶њ  |       INFO | 2026-04-10 09:37:31 | In Progress: Creating sea ice mass budget dataset from variables.
в¶њвФАвФАв¶њ  SIMBA  в¶њвФАвФАв¶њ  |       INFO | 2026-04-10 09:37:32 | --> Completed: Opened 'areacello' variable.
в¶њвФАвФАв¶њ  SIMBA  в¶њвФАвФАв¶њ  |       INFO | 2026-04-10 09:37:34 | --> Completed: Opened 'simass' variable.
в¶њвФАвФАв¶њ  SIMBA  в¶њвФАвФАв¶њ  |       INFO | 2026-04-10 09:37:35 | --> Completed: Opened 'sidmassth' variable.
в¶њвФАвФАв¶њ  SIMBA  в¶њвФАвФАв¶њ  |       INFO | 2026-04-10 09:37:36 | --> Completed: Opened 'sidmassdyn' variable.
в¶њвФАвФАв¶њ  SIMBA  в¶њвФАвФАв¶њ  |       INFO | 2026-04-10 09:37:36 | --> Completed: Opened 'sidmassgrowthwat' variable.
в¶њвФАвФАв¶њ  SIMBA  в¶њвФАвФАв¶њ  |       INFO | 2026-04-10 09:37:37 | --> Completed: Opened 'sidmassgrowthbot' variable.
в¶њвФАвФАв¶њ  SIMBA  в¶њвФАвФАв¶њ  |       INFO | 2026-04-10 09:37:38 | --> Completed: Opened 'sidmasssi' variable.
в¶њвФАвФАв¶њ  SIMBA  в¶њвФАвФАв¶њ  |       INFO | 2026-04-10 09:37:39 | --> Completed: Opened 'sidmassevapsubl' variable.
в¶њвФАвФАв¶њ  SIMBA  в¶њвФАвФАв¶њ  |       INFO | 2026-04-10 09:37:39 | --> Completed: Opened 'sidmassmelttop' variable.
в¶њвФАвФАв¶њ  SIMBA  в¶њвФАвФАв¶њ  |       INFO | 2026-04-10 09:37:40 | --> Completed: Opened 'sidmassmeltbot' variable.
в¶њвФАвФАв¶њ  SIMBA  в¶њвФАвФАв¶њ  |       INFO | 2026-04-10 09:37:41 | --> Completed: Opened 'sidmasslat' variable.
в¶њвФАвФАв¶њ  SIMBA  в¶њвФАвФАв¶њ  |       INFO | 2026-04-10 09:37:41 | --> Completed: Created sea ice mass budget dataset from variables.
в¶њвФАвФАв¶њ  SIMBA  в¶њвФАвФАв¶њ  |       INFO | 2026-04-10 09:37:41 | ==== Sea Ice Mass Budget Calculation ====
в¶њвФАвФАв¶њ  SIMBA  в¶њвФАвФАв¶њ  |       INFO | 2026-04-10 09:37:41 | In Progress: Calculating Regional Sea Ice Mass Budget...
в¶њвФАвФАв¶њ  SIMBA  в¶њвФАвФАв¶њ  |       INFO | 2026-04-10 09:37:41 | Completed: Calculated Regional Sea Ice Mass Budget.
в¶њвФАвФАв¶њ  SIMBA  в¶њвФАвФАв¶њ  |       INFO | 2026-04-10 09:37:41 | ==== Outputs ====
в¶њвФАвФАв¶њ  SIMBA  в¶њвФАвФАв¶њ  |       INFO | 2026-04-10 09:37:41 | In Progress: Saving Sea Ice Mass Budget Analysis outputs to netCDF file...
в¶њвФАвФАв¶њ  SIMBA  в¶њвФАвФАв¶њ  |       INFO | 2026-04-10 09:41:11 | Completed: Saved Sea Ice Mass Budget Analysis outputs to file -> /home/users/o_tooth/NOC/OptimESM/SeaIceMassBudgetMIP/contributions/UKESM1-2-LL/outputs//UKESM1-2-LL_SIMBA_SH_esm-piControl_r1i1p1f1_2100-01-2500-12.nc
в¶њвФАвФАв¶њ  SIMBA  в¶њвФАвФАв¶њ  |       INFO | 2026-04-10 09:41:11 | Completed: Succesfully closed all netcdf files.
в¶њвФАвФАв¶њ  SIMBA  в¶њвФАвФАв¶њ  |       INFO | 2026-04-10 09:41:12 | вЬФ SIMBA Completed вЬФ
