в¶њвФАвФАв¶њ  SIMBA  в¶њвФАвФАв¶њ  |       INFO | 2026-04-09 15:13:22 | 
   в¶њвФАвФАв¶њвФАвФАв¶њвФАвФАв¶њвФАвФАв¶њвФАвФАв¶њвФАвФАв¶њвФАвФАв¶њвФАвФАв¶њвФАвФАв¶њвФАвФАв¶њвФАвФАв¶њ
       Sea Ice Mass Budget Analysis      
   в¶њвФАвФАв¶њвФАвФАв¶њвФАвФАв¶њвФАвФАв¶њвФАвФАв¶њвФАвФАв¶њвФАвФАв¶њвФАвФАв¶њвФАвФАв¶њвФАвФАв¶њвФАвФАв¶њ

        version: 0.1.0


в¶њвФАвФАв¶њ  SIMBA  в¶њвФАвФАв¶њ  |       INFO | 2026-04-09 15:13:22 | ==== Inputs ====
в¶њвФАвФАв¶њ  SIMBA  в¶њвФАвФАв¶њ  |       INFO | 2026-04-09 15:13:23 | Completed: Read & validated config file -> UKESM1-2-LL_esm-hist_config.toml
в¶њвФАвФАв¶њ  SIMBA  в¶њвФАвФАв¶њ  |       INFO | 2026-04-09 15:13:23 | In Progress: Reading sea ice mass budget variables...
в¶њвФАвФАв¶њ  SIMBA  в¶њвФАвФАв¶њ  |       INFO | 2026-04-09 15:13:23 | --> Completed: Opened 'mask' variable.
в¶њвФАвФАв¶њ  SIMBA  в¶њвФАвФАв¶њ  |       INFO | 2026-04-09 15:13:23 | In Progress: Creating sea ice mass budget dataset from variables.
в¶њвФАвФАв¶њ  SIMBA  в¶њвФАвФАв¶њ  |       INFO | 2026-04-09 15:13:23 | --> Completed: Opened 'areacello' variable.
в¶њвФАвФАв¶њ  SIMBA  в¶њвФАвФАв¶њ  |       INFO | 2026-04-09 15:13:24 | --> Completed: Opened 'simass' variable.
в¶њвФАвФАв¶њ  SIMBA  в¶њвФАвФАв¶њ  |       INFO | 2026-04-09 15:13:24 | --> Completed: Opened 'sidmassth' variable.
в¶њвФАвФАв¶њ  SIMBA  в¶њвФАвФАв¶њ  |       INFO | 2026-04-09 15:13:24 | --> Completed: Opened 'sidmassdyn' variable.
в¶њвФАвФАв¶њ  SIMBA  в¶њвФАвФАв¶њ  |       INFO | 2026-04-09 15:13:25 | --> Completed: Opened 'sidmassgrowthwat' variable.
в¶њвФАвФАв¶њ  SIMBA  в¶њвФАвФАв¶њ  |       INFO | 2026-04-09 15:13:25 | --> Completed: Opened 'sidmassgrowthbot' variable.
в¶њвФАвФАв¶њ  SIMBA  в¶њвФАвФАв¶њ  |       INFO | 2026-04-09 15:13:25 | --> Completed: Opened 'sidmasssi' variable.
в¶њвФАвФАв¶њ  SIMBA  в¶њвФАвФАв¶њ  |       INFO | 2026-04-09 15:13:25 | --> Completed: Opened 'sidmassevapsubl' variable.
в¶њвФАвФАв¶њ  SIMBA  в¶њвФАвФАв¶њ  |       INFO | 2026-04-09 15:13:25 | --> Completed: Opened 'sidmassmelttop' variable.
в¶њвФАвФАв¶њ  SIMBA  в¶њвФАвФАв¶њ  |       INFO | 2026-04-09 15:13:26 | --> Completed: Opened 'sidmassmeltbot' variable.
в¶њвФАвФАв¶њ  SIMBA  в¶њвФАвФАв¶њ  |       INFO | 2026-04-09 15:13:26 | --> Completed: Opened 'sidmasslat' variable.
в¶њвФАвФАв¶њ  SIMBA  в¶њвФАвФАв¶њ  |       INFO | 2026-04-09 15:13:26 | --> Completed: Created sea ice mass budget dataset from variables.
в¶њвФАвФАв¶њ  SIMBA  в¶њвФАвФАв¶њ  |       INFO | 2026-04-09 15:13:26 | ==== Sea Ice Mass Budget Calculation ====
в¶њвФАвФАв¶њ  SIMBA  в¶њвФАвФАв¶њ  |       INFO | 2026-04-09 15:13:26 | In Progress: Calculating Regional Sea Ice Mass Budget...
в¶њвФАвФАв¶њ  SIMBA  в¶њвФАвФАв¶њ  |       INFO | 2026-04-09 15:13:26 | Completed: Calculated Regional Sea Ice Mass Budget.
в¶њвФАвФАв¶њ  SIMBA  в¶њвФАвФАв¶њ  |       INFO | 2026-04-09 15:13:26 | ==== Outputs ====
в¶њвФАвФАв¶њ  SIMBA  в¶њвФАвФАв¶њ  |       INFO | 2026-04-09 15:13:26 | In Progress: Saving Sea Ice Mass Budget Analysis outputs to netCDF file...
в¶њвФАвФАв¶њ  SIMBA  в¶њвФАвФАв¶њ  |       INFO | 2026-04-09 15:14:49 | Completed: Saved Sea Ice Mass Budget Analysis outputs to file -> /home/users/o_tooth/NOC/OptimESM/SeaIceMassBudgetMIP/contributions/UKESM1-2-LL/outputs//UKESM1-2-LL_SIMBA_esm-hist_r1i1p1f1_1850-01-2014-12.nc
в¶њвФАвФАв¶њ  SIMBA  в¶њвФАвФАв¶њ  |       INFO | 2026-04-09 15:14:49 | Completed: Succesfully closed all netcdf files.
в¶њвФАвФАв¶њ  SIMBA  в¶њвФАвФАв¶њ  |       INFO | 2026-04-09 15:14:49 | вЬФ SIMBA Completed вЬФ

в¶њвФАвФАв¶њ  SIMBA  в¶њвФАвФАв¶њ  |       INFO | 2026-04-09 15:17:24 | 
   в¶њвФАвФАв¶њвФАвФАв¶њвФАвФАв¶њвФАвФАв¶њвФАвФАв¶њвФАвФАв¶њвФАвФАв¶њвФАвФАв¶њвФАвФАв¶њвФАвФАв¶њвФАвФАв¶њ
       Sea Ice Mass Budget Analysis      
   в¶њвФАвФАв¶њвФАвФАв¶њвФАвФАв¶њвФАвФАв¶њвФАвФАв¶њвФАвФАв¶њвФАвФАв¶њвФАвФАв¶њвФАвФАв¶њвФАвФАв¶њвФАвФАв¶њ

        version: 0.1.0


в¶њвФАвФАв¶њ  SIMBA  в¶њвФАвФАв¶њ  |       INFO | 2026-04-09 15:17:24 | ==== Inputs ====
в¶њвФАвФАв¶њ  SIMBA  в¶њвФАвФАв¶њ  |       INFO | 2026-04-09 15:17:24 | Completed: Read & validated config file -> UKESM1-2-LL_esm-hist_config.toml
в¶њвФАвФАв¶њ  SIMBA  в¶њвФАвФАв¶њ  |       INFO | 2026-04-09 15:17:24 | In Progress: Reading sea ice mass budget variables...
в¶њвФАвФАв¶њ  SIMBA  в¶њвФАвФАв¶њ  |       INFO | 2026-04-09 15:17:24 | --> Completed: Opened 'mask' variable.
в¶њвФАвФАв¶њ  SIMBA  в¶њвФАвФАв¶њ  |       INFO | 2026-04-09 15:17:24 | In Progress: Creating sea ice mass budget dataset from variables.
в¶њвФАвФАв¶њ  SIMBA  в¶њвФАвФАв¶њ  |       INFO | 2026-04-09 15:17:24 | --> Completed: Opened 'areacello' variable.
в¶њвФАвФАв¶њ  SIMBA  в¶њвФАвФАв¶њ  |       INFO | 2026-04-09 15:17:25 | --> Completed: Opened 'simass' variable.
в¶њвФАвФАв¶њ  SIMBA  в¶њвФАвФАв¶њ  |       INFO | 2026-04-09 15:17:25 | --> Completed: Opened 'sidmassth' variable.
в¶њвФАвФАв¶њ  SIMBA  в¶њвФАвФАв¶њ  |       INFO | 2026-04-09 15:17:25 | --> Completed: Opened 'sidmassdyn' variable.
в¶њвФАвФАв¶њ  SIMBA  в¶њвФАвФАв¶њ  |       INFO | 2026-04-09 15:17:25 | --> Completed: Opened 'sidmassgrowthwat' variable.
в¶њвФАвФАв¶њ  SIMBA  в¶њвФАвФАв¶њ  |       INFO | 2026-04-09 15:17:25 | --> Completed: Opened 'sidmassgrowthbot' variable.
в¶њвФАвФАв¶њ  SIMBA  в¶њвФАвФАв¶њ  |       INFO | 2026-04-09 15:17:26 | --> Completed: Opened 'sidmasssi' variable.
в¶њвФАвФАв¶њ  SIMBA  в¶њвФАвФАв¶њ  |       INFO | 2026-04-09 15:17:26 | --> Completed: Opened 'sidmassevapsubl' variable.
в¶њвФАвФАв¶њ  SIMBA  в¶њвФАвФАв¶њ  |       INFO | 2026-04-09 15:17:26 | --> Completed: Opened 'sidmassmelttop' variable.
в¶њвФАвФАв¶њ  SIMBA  в¶њвФАвФАв¶њ  |       INFO | 2026-04-09 15:17:26 | --> Completed: Opened 'sidmassmeltbot' variable.
в¶њвФАвФАв¶њ  SIMBA  в¶њвФАвФАв¶њ  |       INFO | 2026-04-09 15:17:27 | --> Completed: Opened 'sidmasslat' variable.
в¶њвФАвФАв¶њ  SIMBA  в¶њвФАвФАв¶њ  |       INFO | 2026-04-09 15:17:27 | --> Completed: Created sea ice mass budget dataset from variables.
в¶њвФАвФАв¶њ  SIMBA  в¶њвФАвФАв¶њ  |       INFO | 2026-04-09 15:17:27 | ==== Sea Ice Mass Budget Calculation ====
в¶њвФАвФАв¶њ  SIMBA  в¶њвФАвФАв¶њ  |       INFO | 2026-04-09 15:17:27 | In Progress: Calculating Regional Sea Ice Mass Budget...
в¶њвФАвФАв¶њ  SIMBA  в¶њвФАвФАв¶њ  |       INFO | 2026-04-09 15:17:27 | Completed: Calculated Regional Sea Ice Mass Budget.
в¶њвФАвФАв¶њ  SIMBA  в¶њвФАвФАв¶њ  |       INFO | 2026-04-09 15:17:27 | ==== Outputs ====
в¶њвФАвФАв¶њ  SIMBA  в¶њвФАвФАв¶њ  |       INFO | 2026-04-09 15:17:27 | In Progress: Saving Sea Ice Mass Budget Analysis outputs to netCDF file...
в¶њвФАвФАв¶њ  SIMBA  в¶њвФАвФАв¶њ  |       INFO | 2026-04-09 15:18:51 | Completed: Saved Sea Ice Mass Budget Analysis outputs to file -> /home/users/o_tooth/NOC/OptimESM/SeaIceMassBudgetMIP/contributions/UKESM1-2-LL/outputs//UKESM1-2-LL_SIMBA_esm-hist_r1i1p1f1_1850-01-2014-12.nc
в¶њвФАвФАв¶њ  SIMBA  в¶њвФАвФАв¶њ  |       INFO | 2026-04-09 15:18:51 | Completed: Succesfully closed all netcdf files.
в¶њвФАвФАв¶њ  SIMBA  в¶њвФАвФАв¶њ  |       INFO | 2026-04-09 15:18:51 | вЬФ SIMBA Completed вЬФ
в¶њвФАвФАв¶њ  SIMBA  в¶њвФАвФАв¶њ  |       INFO | 2026-04-09 15:45:05 | 
   в¶њвФАвФАв¶њвФАвФАв¶њвФАвФАв¶њвФАвФАв¶њвФАвФАв¶њвФАвФАв¶њвФАвФАв¶њвФАвФАв¶њвФАвФАв¶њвФАвФАв¶њвФАвФАв¶њ
       Sea Ice Mass Budget Analysis      
   в¶њвФАвФАв¶њвФАвФАв¶њвФАвФАв¶њвФАвФАв¶њвФАвФАв¶њвФАвФАв¶њвФАвФАв¶њвФАвФАв¶њвФАвФАв¶њвФАвФАв¶њвФАвФАв¶њ

        version: 0.1.0


в¶њвФАвФАв¶њ  SIMBA  в¶њвФАвФАв¶њ  |       INFO | 2026-04-09 15:45:05 | ==== Inputs ====
в¶њвФАвФАв¶њ  SIMBA  в¶њвФАвФАв¶њ  |       INFO | 2026-04-09 15:45:05 | Completed: Read & validated config file -> ./configs/UKESM1-2-LL_esm-hist_config.toml
в¶њвФАвФАв¶њ  SIMBA  в¶њвФАвФАв¶њ  |       INFO | 2026-04-09 15:45:05 | In Progress: Reading sea ice mass budget variables...
в¶њвФАвФАв¶њ  SIMBA  в¶њвФАвФАв¶њ  |       INFO | 2026-04-09 15:45:05 | --> Completed: Opened 'mask' variable.
в¶њвФАвФАв¶њ  SIMBA  в¶њвФАвФАв¶њ  |       INFO | 2026-04-09 15:45:05 | In Progress: Creating sea ice mass budget dataset from variables.
в¶њвФАвФАв¶њ  SIMBA  в¶њвФАвФАв¶њ  |       INFO | 2026-04-09 15:45:05 | --> Completed: Opened 'areacello' variable.
в¶њвФАвФАв¶њ  SIMBA  в¶њвФАвФАв¶њ  |       INFO | 2026-04-09 15:45:07 | --> Completed: Opened 'simass' variable.
в¶њвФАвФАв¶њ  SIMBA  в¶њвФАвФАв¶њ  |       INFO | 2026-04-09 15:45:07 | --> Completed: Opened 'sidmassth' variable.
в¶њвФАвФАв¶њ  SIMBA  в¶њвФАвФАв¶њ  |       INFO | 2026-04-09 15:45:07 | --> Completed: Opened 'sidmassdyn' variable.
в¶њвФАвФАв¶њ  SIMBA  в¶њвФАвФАв¶њ  |       INFO | 2026-04-09 15:45:07 | --> Completed: Opened 'sidmassgrowthwat' variable.
в¶њвФАвФАв¶њ  SIMBA  в¶њвФАвФАв¶њ  |       INFO | 2026-04-09 15:45:08 | --> Completed: Opened 'sidmassgrowthbot' variable.
в¶њвФАвФАв¶њ  SIMBA  в¶њвФАвФАв¶њ  |       INFO | 2026-04-09 15:45:08 | --> Completed: Opened 'sidmasssi' variable.
в¶њвФАвФАв¶њ  SIMBA  в¶њвФАвФАв¶њ  |       INFO | 2026-04-09 15:45:08 | --> Completed: Opened 'sidmassevapsubl' variable.
в¶њвФАвФАв¶њ  SIMBA  в¶њвФАвФАв¶њ  |       INFO | 2026-04-09 15:45:09 | --> Completed: Opened 'sidmassmelttop' variable.
в¶њвФАвФАв¶њ  SIMBA  в¶њвФАвФАв¶њ  |       INFO | 2026-04-09 15:45:09 | --> Completed: Opened 'sidmassmeltbot' variable.
в¶њвФАвФАв¶њ  SIMBA  в¶њвФАвФАв¶њ  |       INFO | 2026-04-09 15:45:09 | --> Completed: Opened 'sidmasslat' variable.
в¶њвФАвФАв¶њ  SIMBA  в¶њвФАвФАв¶њ  |       INFO | 2026-04-09 15:45:09 | --> Completed: Created sea ice mass budget dataset from variables.
в¶њвФАвФАв¶њ  SIMBA  в¶њвФАвФАв¶њ  |       INFO | 2026-04-09 15:45:09 | ==== Sea Ice Mass Budget Calculation ====
в¶њвФАвФАв¶њ  SIMBA  в¶њвФАвФАв¶њ  |       INFO | 2026-04-09 15:45:09 | In Progress: Calculating Regional Sea Ice Mass Budget...
в¶њвФАвФАв¶њ  SIMBA  в¶њвФАвФАв¶њ  |       INFO | 2026-04-09 15:45:10 | Completed: Calculated Regional Sea Ice Mass Budget.
в¶њвФАвФАв¶њ  SIMBA  в¶њвФАвФАв¶њ  |       INFO | 2026-04-09 15:45:10 | ==== Outputs ====
в¶њвФАвФАв¶њ  SIMBA  в¶њвФАвФАв¶њ  |       INFO | 2026-04-09 15:45:10 | In Progress: Saving Sea Ice Mass Budget Analysis outputs to netCDF file...
в¶њвФАвФАв¶њ  SIMBA  в¶њвФАвФАв¶њ  |       INFO | 2026-04-09 15:46:35 | Completed: Saved Sea Ice Mass Budget Analysis outputs to file -> /home/users/o_tooth/NOC/OptimESM/SeaIceMassBudgetMIP/contributions/UKESM1-2-LL/outputs//UKESM1-2-LL_SIMBA_esm-hist_r3i1p1f1_1850-01-2014-12.nc
в¶њвФАвФАв¶њ  SIMBA  в¶њвФАвФАв¶њ  |       INFO | 2026-04-09 15:46:35 | Completed: Succesfully closed all netcdf files.
в¶њвФАвФАв¶њ  SIMBA  в¶њвФАвФАв¶њ  |       INFO | 2026-04-09 15:46:35 | вЬФ SIMBA Completed вЬФ
