в¶њвФАвФАв¶њ  SIMBA  в¶њвФАвФАв¶њ  |       INFO | 2026-04-09 16:01:30 | 
   в¶њвФАвФАв¶њвФАвФАв¶њвФАвФАв¶њвФАвФАв¶њвФАвФАв¶њвФАвФАв¶њвФАвФАв¶њвФАвФАв¶њвФАвФАв¶њвФАвФАв¶њвФАвФАв¶њ
       Sea Ice Mass Budget Analysis      
   в¶њвФАвФАв¶њвФАвФАв¶њвФАвФАв¶њвФАвФАв¶њвФАвФАв¶њвФАвФАв¶њвФАвФАв¶њвФАвФАв¶њвФАвФАв¶њвФАвФАв¶њвФАвФАв¶њ

        version: 0.1.0


в¶њвФАвФАв¶њ  SIMBA  в¶њвФАвФАв¶њ  |       INFO | 2026-04-09 16:01:30 | ==== Inputs ====
в¶њвФАвФАв¶њ  SIMBA  в¶њвФАвФАв¶њ  |       INFO | 2026-04-09 16:01:30 | Completed: Read & validated config file -> ./configs/UKESM1-2-LL_esm-up2p0_config.toml
в¶њвФАвФАв¶њ  SIMBA  в¶њвФАвФАв¶њ  |       INFO | 2026-04-09 16:01:30 | In Progress: Reading sea ice mass budget variables...
в¶њвФАвФАв¶њ  SIMBA  в¶њвФАвФАв¶њ  |       INFO | 2026-04-09 16:01:30 | --> Completed: Opened 'mask' variable.
в¶њвФАвФАв¶њ  SIMBA  в¶њвФАвФАв¶њ  |       INFO | 2026-04-09 16:01:30 | In Progress: Creating sea ice mass budget dataset from variables.
в¶њвФАвФАв¶њ  SIMBA  в¶њвФАвФАв¶њ  |       INFO | 2026-04-09 16:01:31 | --> Completed: Opened 'areacello' variable.
в¶њвФАвФАв¶њ  SIMBA  в¶њвФАвФАв¶њ  |       INFO | 2026-04-09 16:01:33 | --> Completed: Opened 'simass' variable.
в¶њвФАвФАв¶њ  SIMBA  в¶њвФАвФАв¶њ  |       INFO | 2026-04-09 16:01:33 | --> Completed: Opened 'sidmassth' variable.
в¶њвФАвФАв¶њ  SIMBA  в¶њвФАвФАв¶њ  |       INFO | 2026-04-09 16:01:34 | --> Completed: Opened 'sidmassdyn' variable.
в¶њвФАвФАв¶њ  SIMBA  в¶њвФАвФАв¶њ  |       INFO | 2026-04-09 16:01:34 | --> Completed: Opened 'sidmassgrowthwat' variable.
в¶њвФАвФАв¶њ  SIMBA  в¶њвФАвФАв¶њ  |       INFO | 2026-04-09 16:01:35 | --> Completed: Opened 'sidmassgrowthbot' variable.
в¶њвФАвФАв¶њ  SIMBA  в¶њвФАвФАв¶њ  |       INFO | 2026-04-09 16:01:35 | --> Completed: Opened 'sidmasssi' variable.
в¶њвФАвФАв¶њ  SIMBA  в¶њвФАвФАв¶њ  |       INFO | 2026-04-09 16:01:36 | --> Completed: Opened 'sidmassevapsubl' variable.
в¶њвФАвФАв¶њ  SIMBA  в¶њвФАвФАв¶њ  |       INFO | 2026-04-09 16:01:36 | --> Completed: Opened 'sidmassmelttop' variable.
в¶њвФАвФАв¶њ  SIMBA  в¶њвФАвФАв¶њ  |       INFO | 2026-04-09 16:01:37 | --> Completed: Opened 'sidmassmeltbot' variable.
в¶њвФАвФАв¶њ  SIMBA  в¶њвФАвФАв¶њ  |       INFO | 2026-04-09 16:01:38 | --> Completed: Opened 'sidmasslat' variable.
в¶њвФАвФАв¶њ  SIMBA  в¶њвФАвФАв¶њ  |       INFO | 2026-04-09 16:01:38 | --> Completed: Created sea ice mass budget dataset from variables.
в¶њвФАвФАв¶њ  SIMBA  в¶њвФАвФАв¶њ  |       INFO | 2026-04-09 16:01:38 | ==== Sea Ice Mass Budget Calculation ====
в¶њвФАвФАв¶њ  SIMBA  в¶њвФАвФАв¶њ  |       INFO | 2026-04-09 16:01:38 | In Progress: Calculating Regional Sea Ice Mass Budget...
в¶њвФАвФАв¶њ  SIMBA  в¶њвФАвФАв¶њ  |       INFO | 2026-04-09 16:01:38 | Completed: Calculated Regional Sea Ice Mass Budget.
в¶њвФАвФАв¶њ  SIMBA  в¶њвФАвФАв¶њ  |       INFO | 2026-04-09 16:01:38 | ==== Outputs ====
в¶њвФАвФАв¶њ  SIMBA  в¶њвФАвФАв¶њ  |       INFO | 2026-04-09 16:01:38 | In Progress: Saving Sea Ice Mass Budget Analysis outputs to netCDF file...
в¶њвФАвФАв¶њ  SIMBA  в¶њвФАвФАв¶њ  |       INFO | 2026-04-09 16:04:07 | Completed: Saved Sea Ice Mass Budget Analysis outputs to file -> /home/users/o_tooth/NOC/OptimESM/SeaIceMassBudgetMIP/contributions/UKESM1-2-LL/outputs//UKESM1-2-LL_SIMBA_esm-up2p0_r1i1p1f1_1850-01-2139-12.nc
в¶њвФАвФАв¶њ  SIMBA  в¶њвФАвФАв¶њ  |       INFO | 2026-04-09 16:04:07 | Completed: Succesfully closed all netcdf files.
в¶њвФАвФАв¶њ  SIMBA  в¶њвФАвФАв¶њ  |       INFO | 2026-04-09 16:04:07 | вЬФ SIMBA Completed вЬФ
в¶њвФАвФАв¶њ  SIMBA  в¶њвФАвФАв¶њ  |       INFO | 2026-04-10 09:41:57 | 
   в¶њвФАвФАв¶њвФАвФАв¶њвФАвФАв¶њвФАвФАв¶њвФАвФАв¶њвФАвФАв¶њвФАвФАв¶њвФАвФАв¶њвФАвФАв¶њвФАвФАв¶њвФАвФАв¶њ
       Sea Ice Mass Budget Analysis      
   в¶њвФАвФАв¶њвФАвФАв¶њвФАвФАв¶њвФАвФАв¶њвФАвФАв¶њвФАвФАв¶њвФАвФАв¶њвФАвФАв¶њвФАвФАв¶њвФАвФАв¶њвФАвФАв¶њ

        version: 0.1.0


в¶њвФАвФАв¶њ  SIMBA  в¶њвФАвФАв¶њ  |       INFO | 2026-04-10 09:41:57 | ==== Inputs ====
в¶њвФАвФАв¶њ  SIMBA  в¶њвФАвФАв¶њ  |       INFO | 2026-04-10 09:41:57 | Completed: Read & validated config file -> ./configs/UKESM1-2-LL_esm-up2p0_config.toml
в¶њвФАвФАв¶њ  SIMBA  в¶њвФАвФАв¶њ  |       INFO | 2026-04-10 09:41:57 | In Progress: Reading sea ice mass budget variables...
в¶њвФАвФАв¶њ  SIMBA  в¶њвФАвФАв¶њ  |       INFO | 2026-04-10 09:41:57 | --> Completed: Opened 'mask' variable.
в¶њвФАвФАв¶њ  SIMBA  в¶њвФАвФАв¶њ  |       INFO | 2026-04-10 09:41:57 | In Progress: Creating sea ice mass budget dataset from variables.
в¶њвФАвФАв¶њ  SIMBA  в¶њвФАвФАв¶њ  |       INFO | 2026-04-10 09:41:57 | --> Completed: Opened 'areacello' variable.
в¶њвФАвФАв¶њ  SIMBA  в¶њвФАвФАв¶њ  |       INFO | 2026-04-10 09:41:59 | --> Completed: Opened 'simass' variable.
в¶њвФАвФАв¶њ  SIMBA  в¶њвФАвФАв¶њ  |       INFO | 2026-04-10 09:42:00 | --> Completed: Opened 'sidmassth' variable.
в¶њвФАвФАв¶њ  SIMBA  в¶њвФАвФАв¶њ  |       INFO | 2026-04-10 09:42:00 | --> Completed: Opened 'sidmassdyn' variable.
в¶њвФАвФАв¶њ  SIMBA  в¶њвФАвФАв¶њ  |       INFO | 2026-04-10 09:42:01 | --> Completed: Opened 'sidmassgrowthwat' variable.
в¶њвФАвФАв¶њ  SIMBA  в¶њвФАвФАв¶њ  |       INFO | 2026-04-10 09:42:01 | --> Completed: Opened 'sidmassgrowthbot' variable.
в¶њвФАвФАв¶њ  SIMBA  в¶њвФАвФАв¶њ  |       INFO | 2026-04-10 09:42:02 | --> Completed: Opened 'sidmasssi' variable.
в¶њвФАвФАв¶њ  SIMBA  в¶њвФАвФАв¶њ  |       INFO | 2026-04-10 09:42:02 | --> Completed: Opened 'sidmassevapsubl' variable.
в¶њвФАвФАв¶њ  SIMBA  в¶њвФАвФАв¶њ  |       INFO | 2026-04-10 09:42:03 | --> Completed: Opened 'sidmassmelttop' variable.
в¶њвФАвФАв¶њ  SIMBA  в¶њвФАвФАв¶њ  |       INFO | 2026-04-10 09:42:03 | --> Completed: Opened 'sidmassmeltbot' variable.
в¶њвФАвФАв¶њ  SIMBA  в¶њвФАвФАв¶њ  |       INFO | 2026-04-10 09:42:04 | --> Completed: Opened 'sidmasslat' variable.
в¶њвФАвФАв¶њ  SIMBA  в¶њвФАвФАв¶њ  |       INFO | 2026-04-10 09:42:04 | --> Completed: Created sea ice mass budget dataset from variables.
в¶њвФАвФАв¶њ  SIMBA  в¶њвФАвФАв¶њ  |       INFO | 2026-04-10 09:42:04 | ==== Sea Ice Mass Budget Calculation ====
в¶њвФАвФАв¶њ  SIMBA  в¶њвФАвФАв¶њ  |       INFO | 2026-04-10 09:42:04 | In Progress: Calculating Regional Sea Ice Mass Budget...
в¶њвФАвФАв¶њ  SIMBA  в¶њвФАвФАв¶њ  |       INFO | 2026-04-10 09:42:04 | Completed: Calculated Regional Sea Ice Mass Budget.
в¶њвФАвФАв¶њ  SIMBA  в¶њвФАвФАв¶њ  |       INFO | 2026-04-10 09:42:04 | ==== Outputs ====
в¶њвФАвФАв¶њ  SIMBA  в¶њвФАвФАв¶њ  |       INFO | 2026-04-10 09:42:04 | In Progress: Saving Sea Ice Mass Budget Analysis outputs to netCDF file...
в¶њвФАвФАв¶њ  SIMBA  в¶њвФАвФАв¶њ  |       INFO | 2026-04-10 09:44:27 | Completed: Saved Sea Ice Mass Budget Analysis outputs to file -> /home/users/o_tooth/NOC/OptimESM/SeaIceMassBudgetMIP/contributions/UKESM1-2-LL/outputs//UKESM1-2-LL_SIMBA_SH_esm-up2p0_r1i1p1f1_1850-01-2139-12.nc
в¶њвФАвФАв¶њ  SIMBA  в¶њвФАвФАв¶њ  |       INFO | 2026-04-10 09:44:27 | Completed: Succesfully closed all netcdf files.
в¶њвФАвФАв¶њ  SIMBA  в¶њвФАвФАв¶њ  |       INFO | 2026-04-10 09:44:27 | вЬФ SIMBA Completed вЬФ
